<?xml version="1.0" encoding="UTF-8"?>
<!-- Generated by org.testng.reporters.JUnitReportReporter -->
<testsuite hostname="2016-smalldisk" failures="0" tests="1" name="com.cgi.test.EmployeeTest" time="28.097" errors="0" timestamp="2025-07-14T07:03:44 UTC" skipped="0">
  <testcase classname="com.cgi.test.EmployeeTest" name="addValidEmployeeTest" time="28.097"/>
</testsuite> <!-- com.cgi.test.EmployeeTest -->
