<?xml version="1.0" encoding="UTF-8"?>
<!-- Generated by org.testng.reporters.JUnitReportReporter -->
<testsuite hostname="2016-smalldisk" failures="0" tests="1" name="com.cgi.test.LoginTest" time="16.167" errors="0" timestamp="2025-07-14T06:41:21 UTC" skipped="0">
  <testcase classname="com.cgi.test.LoginTest" name="validLoginTest" time="16.167"/>
</testsuite> <!-- com.cgi.test.LoginTest -->
