<?xml version="1.0" encoding="UTF-8"?>
<!-- Generated by org.testng.reporters.JUnitReportReporter -->
<testsuite hostname="2016-smalldisk" failures="0" tests="3" name="com.cgi.test.ZDemo1Test" time="11.011" errors="0" timestamp="2025-07-11T07:29:55 UTC" skipped="0">
  <testcase classname="com.cgi.test.ZDemo1Test" name="validTest" time="3.816"/>
  <testcase classname="com.cgi.test.ZDemo1Test" name="validTest" time="3.449"/>
  <testcase classname="com.cgi.test.ZDemo1Test" name="validTest" time="3.746"/>
</testsuite> <!-- com.cgi.test.ZDemo1Test -->
