<?xml version="1.0" encoding="UTF-8"?>
<!-- Generated by org.testng.reporters.JUnitReportReporter -->
<testsuite hostname="2016-smalldisk" failures="0" tests="2" name="com.cgi.test.LoginUITest" time="12.713" errors="0" timestamp="2025-07-10T06:14:38 UTC" skipped="0">
  <testcase classname="com.cgi.test.LoginUITest" name="titleTest" time="5.299"/>
  <testcase classname="com.cgi.test.LoginUITest" name="headerTest" time="7.414"/>
</testsuite> <!-- com.cgi.test.LoginUITest -->
