<?xml version="1.0" encoding="UTF-8"?>
<!-- Generated by org.testng.reporters.JUnitReportReporter -->
<testsuite hostname="2016-smalldisk" failures="0" tests="2" name="com.cgi.test.LoginUITest" time="75.434" errors="0" timestamp="2025-07-10T06:28:33 UTC" skipped="0">
  <testcase classname="com.cgi.test.LoginUITest" name="titleTest" time="27.367"/>
  <testcase classname="com.cgi.test.LoginUITest" name="headerTest" time="48.067"/>
</testsuite> <!-- com.cgi.test.LoginUITest -->
