<?xml version="1.0" encoding="UTF-8"?>
<!-- Generated by org.testng.reporters.JUnitReportReporter -->
<testsuite hostname="2016-smalldisk" failures="0" tests="2" name="com.cgi.test.LoginTest" time="14.518" errors="0" timestamp="2025-07-11T04:17:48 UTC" skipped="0">
  <testcase classname="com.cgi.test.LoginTest" name="ValidLoginTest" time="7.995"/>
  <testcase classname="com.cgi.test.LoginTest" name="invalidLoginTest" time="6.523"/>
</testsuite> <!-- com.cgi.test.LoginTest -->
