<?xml version="1.0" encoding="UTF-8"?>
<!-- Generated by org.testng.reporters.JUnitReportReporter -->
<testsuite hostname="2016-smalldisk" failures="0" tests="2" name="com.cgi.test.LoginTest" time="13.460" errors="0" timestamp="2025-07-11T07:57:21 UTC" skipped="0">
  <testcase classname="com.cgi.test.LoginTest" name="invalidLoginTest" time="6.216"/>
  <testcase classname="com.cgi.test.LoginTest" name="invalidLoginTest" time="7.244"/>
</testsuite> <!-- com.cgi.test.LoginTest -->
