<?xml version="1.0" encoding="UTF-8"?>
<!-- Generated by org.testng.reporters.JUnitReportReporter -->
<testsuite hostname="2016-smalldisk" failures="0" tests="1" name="com.cgi.test.LoginTest" time="9.016" errors="0" timestamp="2025-07-14T07:50:30 UTC" skipped="0">
  <testcase classname="com.cgi.test.LoginTest" name="validLoginTest" time="9.016"/>
</testsuite> <!-- com.cgi.test.LoginTest -->
