<?xml version="1.0" encoding="UTF-8"?>
<!-- Generated by org.testng.reporters.JUnitReportReporter -->
<testsuite hostname="2016-smalldisk" failures="0" tests="3" name="com.cgi.test.ZDemo1Test" time="0.007" errors="0" timestamp="2025-07-18T06:30:31 UTC" skipped="0">
  <testcase classname="com.cgi.test.ZDemo1Test" name="validTest" time="0.004"/>
  <testcase classname="com.cgi.test.ZDemo1Test" name="validTest" time="0.001"/>
  <testcase classname="com.cgi.test.ZDemo1Test" name="validTest" time="0.002"/>
</testsuite> <!-- com.cgi.test.ZDemo1Test -->
