<?xml version="1.0" encoding="UTF-8"?>
<!-- Generated by org.testng.reporters.JUnitReportReporter -->
<testsuite hostname="2016-smalldisk" failures="0" tests="3" name="com.cgi.test.LoginTest" time="23.497" errors="0" timestamp="2025-07-18T06:30:31 UTC" skipped="0">
  <testcase classname="com.cgi.test.LoginTest" name="invalidLoginTest" time="7.566"/>
  <testcase classname="com.cgi.test.LoginTest" name="invalidLoginTest" time="7.701"/>
  <testcase classname="com.cgi.test.LoginTest" name="validLoginTest" time="8.230"/>
</testsuite> <!-- com.cgi.test.LoginTest -->
