<?xml version="1.0" encoding="UTF-8"?>
<!-- Generated by org.testng.reporters.JUnitReportReporter -->
<testsuite hostname="mayura" failures="0" tests="2" name="com.cgi.test.LoginUITest" time="11.043" errors="0" timestamp="2025-07-18T12:46:09 IST" skipped="0">
  <testcase classname="com.cgi.test.LoginUITest" name="headerTest" time="5.376"/>
  <testcase classname="com.cgi.test.LoginUITest" name="titleTest" time="5.667"/>
</testsuite> <!-- com.cgi.test.LoginUITest -->
