<?xml version="1.0" encoding="UTF-8"?>
<!-- Generated by org.testng.reporters.JUnitReportReporter -->
<testsuite hostname="2016-smalldisk" failures="0" tests="3" name="com.cgi.test.LoginTest" time="35.525" errors="0" timestamp="2025-07-14T05:19:34 UTC" skipped="0">
  <testcase classname="com.cgi.test.LoginTest" name="validLoginTest" time="8.382"/>
  <testcase classname="com.cgi.test.LoginTest" name="invalidLoginTest" time="19.310"/>
  <testcase classname="com.cgi.test.LoginTest" name="invalidLoginTest" time="7.833"/>
</testsuite> <!-- com.cgi.test.LoginTest -->
