<?xml version="1.0" encoding="UTF-8"?>
<!-- Generated by org.testng.reporters.JUnitReportReporter -->
<testsuite hostname="2016-smalldisk" failures="0" tests="3" name="com.cgi.test.ZDemo1Test" time="0.011" errors="0" timestamp="2025-07-14T05:19:34 UTC" skipped="0">
  <testcase classname="com.cgi.test.ZDemo1Test" name="validTest" time="0.006"/>
  <testcase classname="com.cgi.test.ZDemo1Test" name="validTest" time="0.001"/>
  <testcase classname="com.cgi.test.ZDemo1Test" name="validTest" time="0.004"/>
</testsuite> <!-- com.cgi.test.ZDemo1Test -->
